#
# There is insufficient memory for the Java Runtime Environment to continue.
# Native memory allocation (mmap) failed to map 134217728 bytes for G1 virtual space
# Possible reasons:
#   The system is out of physical RAM or swap space
#   The process is running with CompressedOops enabled, and the Java Heap may be blocking the growth of the native heap
# Possible solutions:
#   Reduce memory load on the system
#   Increase physical memory or swap space
#   Check if swap backing store is full
#   Decrease Java heap size (-Xmx/-Xms)
#   Decrease number of Java threads
#   Decrease Java thread stack sizes (-Xss)
#   Set larger code cache with -XX:ReservedCodeCacheSize=
#   JVM is running with Unscaled Compressed Oops mode in which the Java heap is
#     placed in the first 4GB address space. The Java Heap base address is the
#     maximum limit for the native heap growth. Please use -XX:HeapBaseMinAddress
#     to set the Java Heap base and to place the Java Heap above 4GB virtual address.
# This output file may be truncated or incomplete.
#
#  Out of Memory Error (os_windows.cpp:3466), pid=9816, tid=1788
#
# JRE version:  (16.0.1+9) (build )
# Java VM: OpenJDK 64-Bit Server VM (16.0.1+9-24, mixed mode, sharing, tiered, compressed oops, compressed class ptrs, g1 gc, windows-amd64)
# No core dump will be written. Minidumps are not enabled by default on client versions of Windows
#

---------------  S U M M A R Y ------------

Command Line: org.example.sayingHello

Host: Intel(R) Core(TM) i7-3770 CPU @ 3.40GHz, 8 cores, 7G,  Windows 10 , 64 bit Build 19041 (10.0.19041.928)
Time: Sat May 29 14:46:56 2021 Eastern Daylight Time elapsed time: 0.097635 seconds (0d 0h 0m 0s)

---------------  T H R E A D  ---------------

Current thread (0x00000146b7789300):  JavaThread "Unknown thread" [_thread_in_vm, id=1788, stack(0x00000034c1600000,0x00000034c1700000)]

Stack: [0x00000034c1600000,0x00000034c1700000]
Native frames: (J=compiled Java code, j=interpreted, Vv=VM code, C=native code)
V  [jvm.dll+0x6687ca]
V  [jvm.dll+0x7ca3c9]
V  [jvm.dll+0x7cbb53]
V  [jvm.dll+0x7cc1b3]
V  [jvm.dll+0x242ea5]
V  [jvm.dll+0x665589]
V  [jvm.dll+0x65a175]
V  [jvm.dll+0x2fc5ab]
V  [jvm.dll+0x3037a6]
V  [jvm.dll+0x352fee]
V  [jvm.dll+0x35321f]
V  [jvm.dll+0x2d3618]
V  [jvm.dll+0x2d4854]
V  [jvm.dll+0x79ccb1]
V  [jvm.dll+0x360de1]
V  [jvm.dll+0x77a990]
V  [jvm.dll+0x3e55af]
V  [jvm.dll+0x3e7081]
C  [jli.dll+0x52fb]
C  [ucrtbase.dll+0x21bb2]
C  [KERNEL32.DLL+0x17034]
C  [ntdll.dll+0x52651]


---------------  P R O C E S S  ---------------

Threads class SMR info:
_java_thread_list=0x00007ffce2dacbb8, length=0, elements={
}

Java Threads: ( => current thread )

Other Threads:
  0x00000146b77cabf0 GCTaskThread "GC Thread#0" [stack: 0x00000034c1700000,0x00000034c1800000] [id=20796]
  0x00000146b77dd9e0 ConcurrentGCThread "G1 Main Marker" [stack: 0x00000034c1800000,0x00000034c1900000] [id=9908]
  0x00000146b77de360 ConcurrentGCThread "G1 Conc#0" [stack: 0x00000034c1900000,0x00000034c1a00000] [id=8560]

[error occurred during error reporting (printing all threads), id 0xc0000005, EXCEPTION_ACCESS_VIOLATION (0xc0000005) at pc=0x00007ffce25844d7]

VM state: not at safepoint (not fully initialized)

VM Mutex/Monitor currently owned by a thread:  ([mutex/lock_event])
[0x00000146b7785f80] Heap_lock - owner thread: 0x00000146b7789300

Heap address: 0x0000000080c00000, size: 2036 MB, Compressed Oops mode: 32-bit

CDS archive(s) mapped at: [0x0000000000000000-0x0000000000000000-0x0000000000000000), size 0, SharedBaseAddress: 0x0000000800000000, ArchiveRelocationMode: 0.
Narrow klass base: 0x0000000000000000, Narrow klass shift: 0, Narrow klass range: 0x0

GC Precious Log:
<Empty>

Heap:
 garbage-first heap   total 0K, used 0K [0x0000000080c00000, 0x0000000100000000)
  region size 1024K, 0 young (0K), 0 survivors (0K)

[error occurred during error reporting (printing heap information), id 0xc0000005, EXCEPTION_ACCESS_VIOLATION (0xc0000005) at pc=0x00007ffce29624ed]

GC Heap History (0 events):
No events

Deoptimization events (0 events):
No events

Classes unloaded (0 events):
No events

Classes redefined (0 events):
No events

Internal exceptions (0 events):
No events

Events (1 events):
Event: 0.005 Loaded shared library C:\Users\Admin\Desktop\Development\jdk-16.0.1\bin\java.dll


Dynamic libraries:
0x00007ff6c0d50000 - 0x00007ff6c0d5e000 	C:\Users\Admin\Desktop\Development\jdk-16.0.1\bin\java.exe
0x00007ffd239f0000 - 0x00007ffd23be5000 	C:\WINDOWS\SYSTEM32\ntdll.dll
0x00007ffd21b60000 - 0x00007ffd21c1d000 	C:\WINDOWS\System32\KERNEL32.DLL
0x00007ffd21580000 - 0x00007ffd21848000 	C:\WINDOWS\System32\KERNELBASE.dll
0x00007ffd213a0000 - 0x00007ffd214a0000 	C:\WINDOWS\System32\ucrtbase.dll
0x00007ffd0ee30000 - 0x00007ffd0ee48000 	C:\Users\Admin\Desktop\Development\jdk-16.0.1\bin\jli.dll
0x00007ffd0ee10000 - 0x00007ffd0ee29000 	C:\Users\Admin\Desktop\Development\jdk-16.0.1\bin\VCRUNTIME140.dll
0x00007ffd222a0000 - 0x00007ffd22440000 	C:\WINDOWS\System32\USER32.dll
0x00007ffd21a20000 - 0x00007ffd21a42000 	C:\WINDOWS\System32\win32u.dll
0x00007ffd197e0000 - 0x00007ffd19a7a000 	C:\WINDOWS\WinSxS\amd64_microsoft.windows.common-controls_6595b64144ccf1df_6.0.19041.844_none_ca00b6081b84eb1d\COMCTL32.dll
0x00007ffd23080000 - 0x00007ffd230aa000 	C:\WINDOWS\System32\GDI32.dll
0x00007ffd22f70000 - 0x00007ffd2300e000 	C:\WINDOWS\System32\msvcrt.dll
0x00007ffd21290000 - 0x00007ffd2139b000 	C:\WINDOWS\System32\gdi32full.dll
0x00007ffd21930000 - 0x00007ffd219cd000 	C:\WINDOWS\System32\msvcp_win.dll
0x00007ffd22eb0000 - 0x00007ffd22ee0000 	C:\WINDOWS\System32\IMM32.DLL
0x00007ffcffca0000 - 0x00007ffcffcac000 	C:\Users\Admin\Desktop\Development\jdk-16.0.1\bin\vcruntime140_1.dll
0x00007ffcf4fd0000 - 0x00007ffcf5061000 	C:\Users\Admin\Desktop\Development\jdk-16.0.1\bin\msvcp140.dll
0x00007ffce22a0000 - 0x00007ffce2e4b000 	C:\Users\Admin\Desktop\Development\jdk-16.0.1\bin\server\jvm.dll
0x00007ffd22000000 - 0x00007ffd220ac000 	C:\WINDOWS\System32\ADVAPI32.dll
0x00007ffd21dd0000 - 0x00007ffd21e6b000 	C:\WINDOWS\System32\sechost.dll
0x00007ffd21ed0000 - 0x00007ffd21ffb000 	C:\WINDOWS\System32\RPCRT4.dll
0x00007ffd23010000 - 0x00007ffd23018000 	C:\WINDOWS\System32\PSAPI.DLL
0x00007ffd195e0000 - 0x00007ffd195ea000 	C:\WINDOWS\SYSTEM32\VERSION.dll
0x00007ffd0fd80000 - 0x00007ffd0fda7000 	C:\WINDOWS\SYSTEM32\WINMM.dll
0x00007ffd0d540000 - 0x00007ffd0d549000 	C:\WINDOWS\SYSTEM32\WSOCK32.dll
0x00007ffd22230000 - 0x00007ffd2229b000 	C:\WINDOWS\System32\WS2_32.dll
0x00007ffd1f0a0000 - 0x00007ffd1f0b2000 	C:\WINDOWS\SYSTEM32\kernel.appcore.dll
0x00007ffcff070000 - 0x00007ffcff07a000 	C:\Users\Admin\Desktop\Development\jdk-16.0.1\bin\jimage.dll
0x00007ffd080a0000 - 0x00007ffd08284000 	C:\WINDOWS\SYSTEM32\DBGHELP.DLL
0x00007ffd1c470000 - 0x00007ffd1c49c000 	C:\WINDOWS\SYSTEM32\dbgcore.DLL
0x00007ffd218b0000 - 0x00007ffd21930000 	C:\WINDOWS\System32\bcryptPrimitives.dll
0x00007ffcfe200000 - 0x00007ffcfe225000 	C:\Users\Admin\Desktop\Development\jdk-16.0.1\bin\java.dll

dbghelp: loaded successfully - version: 4.0.5 - missing functions: none
symbol engine: initialized successfully - sym options: 0x614 - pdb path: .;C:\Users\Admin\Desktop\Development\jdk-16.0.1\bin;C:\WINDOWS\SYSTEM32;C:\WINDOWS\WinSxS\amd64_microsoft.windows.common-controls_6595b64144ccf1df_6.0.19041.844_none_ca00b6081b84eb1d;C:\Users\Admin\Desktop\Development\jdk-16.0.1\bin\server

VM Arguments:
java_command: org.example.sayingHello
java_class_path (initial): C:\Users\Admin\IdeaProjects\scott-cop3330-ex01\target\classes
Launcher Type: SUN_STANDARD

[Global flags]
     intx CICompilerCount                          = 4                                         {product} {ergonomic}
     uint ConcGCThreads                            = 2                                         {product} {ergonomic}
     uint G1ConcRefinementThreads                  = 8                                         {product} {ergonomic}
   size_t G1HeapRegionSize                         = 1048576                                   {product} {ergonomic}
    uintx GCDrainStackTargetSize                   = 64                                        {product} {ergonomic}
   size_t InitialHeapSize                          = 134217728                                 {product} {ergonomic}
   size_t MarkStackSize                            = 4194304                                   {product} {ergonomic}
   size_t MaxHeapSize                              = 2134900736                                {product} {ergonomic}
   size_t MinHeapDeltaBytes                        = 1048576                                   {product} {ergonomic}
   size_t MinHeapSize                              = 8388608                                   {product} {ergonomic}
    uintx NonNMethodCodeHeapSize                   = 5839372                                {pd product} {ergonomic}
    uintx NonProfiledCodeHeapSize                  = 122909434                              {pd product} {ergonomic}
    uintx ProfiledCodeHeapSize                     = 122909434                              {pd product} {ergonomic}
    uintx ReservedCodeCacheSize                    = 251658240                              {pd product} {ergonomic}
     bool SegmentedCodeCache                       = true                                      {product} {ergonomic}
   size_t SoftMaxHeapSize                          = 2134900736                             {manageable} {ergonomic}
     bool UseCompressedClassPointers               = true                           {product lp64_product} {ergonomic}
     bool UseCompressedOops                        = true                           {product lp64_product} {ergonomic}
     bool UseG1GC                                  = true                                      {product} {ergonomic}
     bool UseLargePagesIndividualAllocation        = false                                  {pd product} {ergonomic}

Logging:
Log output configuration:
 #0: stdout all=warning uptime,level,tags
 #1: stderr all=off uptime,level,tags

Environment Variables:
PATH=c:\Program Files (x86)\Intel\iCLS Client\;c:\Program Files\Intel\iCLS Client\;C:\Windows\system32;C:\Windows;C:\Windows\System32\Wbem;C:\Windows\System32\WindowsPowerShell\v1.0\;c:\Program Files (x86)\Hewlett-Packard\HP Performance Advisor;C:\Program Files\Intel\Intel(R) Management Engine Components\DAL;C:\Program Files\Intel\Intel(R) Management Engine Components\IPT;C:\Program Files (x86)\Intel\Intel(R) Management Engine Components\DAL;C:\Program Files (x86)\Intel\Intel(R) Management Engine Components\IPT;C:\Program Files (x86)\jZip;C:\WINDOWS\system32;C:\WINDOWS;C:\WINDOWS\System32\Wbem;C:\WINDOWS\System32\WindowsPowerShell\v1.0\;C:\Program Files (x86)\QuickTime\QTSystem\;C:\WINDOWS\System32\OpenSSH\;C:\Program Files\NVIDIA Corporation\NVIDIA NvDLISR;C:\Program Files (x86)\NVIDIA Corporation\PhysX\Common;C:\WINDOWS\system32;C:\WINDOWS;C:\WINDOWS\System32\Wbem;C:\WINDOWS\System32\WindowsPowerShell\v1.0\;C:\WINDOWS\System32\OpenSSH\;C:\Users\Admin\Desktop\Development\jdk-16.0.1\bin;C:\Users\Admin\Desktop\Development\apache-maven-3.8.1\bin;C:\Program Files\Git\cmd;C:\Users\Admin\AppData\Local\Microsoft\WindowsApps;;C:\Program Files\JetBrains\IntelliJ IDEA Community Edition 2021.1.1\bin;
USERNAME=Admin
OS=Windows_NT
PROCESSOR_IDENTIFIER=Intel64 Family 6 Model 58 Stepping 9, GenuineIntel



---------------  S Y S T E M  ---------------

OS:
 Windows 10 , 64 bit Build 19041 (10.0.19041.928)
OS uptime: 8 days 22:08 hours

CPU: total 8 (initial active 8) (4 cores per cpu, 2 threads per core) family 6 model 58 stepping 9 microcode 0x21, cx8, cmov, fxsr, ht, mmx, sse, sse2, sse3, ssse3, sse4.1, sse4.2, popcnt, tsc, tscinvbit, avx, aes, erms, clmul, vzeroupper, clflush

Memory: 4k page, system-wide physical 8136M (406M free)
TotalPageFile size 16136M (AvailPageFile size 20M)
current process WorkingSet (physical memory assigned to process): 10M, peak: 10M
current process commit charge ("private bytes"): 60M, peak: 188M

vm_info: OpenJDK 64-Bit Server VM (16.0.1+9-24) for windows-amd64 JRE (16.0.1+9-24), built on Mar 26 2021 19:30:07 by "mach5one" with MS VC++ 16.7 (VS2019)

END.
